# JRE version: OpenJDK Runtime Environment (7.0_79-b14) (build 1.7.0_79-b14)
# Java VM: OpenJDK 64-Bit Server VM (24.79-b02 mixed mode linux-amd64 compressed oops)
Heap
 PSYoungGen      total 536576K, used 481347K [0x00000007aaa80000, 0x00000007d8c00000, 0x0000000800000000)
  eden space 412672K, 100% used [0x00000007aaa80000,0x00000007c3d80000,0x00000007c3d80000)
  from space 123904K, 55% used [0x00000007c3d80000,0x00000007c8090f38,0x00000007cb680000)
  to   space 124416K, 82% used [0x00000007d1280000,0x00000007d77058c8,0x00000007d8c00000)
 ParOldGen       total 354304K, used 249269K [0x0000000700000000, 0x0000000715a00000, 0x00000007aaa80000)
  object space 354304K, 70% used [0x0000000700000000,0x000000070f36d580,0x0000000715a00000)
 PSPermGen       total 21504K, used 6453K [0x00000006f5a00000, 0x00000006f6f00000, 0x0000000700000000)
  object space 21504K, 30% used [0x00000006f5a00000,0x00000006f604d6f0,0x00000006f6f00000)
GC Heap History (10 events):
Event: 14.672 GC heap after
Heap after GC invocations=9 (full 1):
 PSYoungGen      total 388096K, used 52731K [0x00000007aaa80000, 0x00000007cf980000, 0x0000000800000000)
  eden space 335360K, 0% used [0x00000007aaa80000,0x00000007aaa80000,0x00000007bf200000)
  from space 52736K, 99% used [0x00000007cc600000,0x00000007cf97ed08,0x00000007cf980000)
  to   space 68608K, 0% used [0x00000007c7380000,0x00000007c7380000,0x00000007cb680000)
 ParOldGen       total 167936K, used 98619K [0x0000000700000000, 0x000000070a400000, 0x00000007aaa80000)
  object space 167936K, 58% used [0x0000000700000000,0x000000070604ee00,0x000000070a400000)
 PSPermGen       total 21504K, used 6333K [0x00000006f5a00000, 0x00000006f6f00000, 0x0000000700000000)
  object space 21504K, 29% used [0x00000006f5a00000,0x00000006f602f5a8,0x00000006f6f00000)
}
Event: 17.440 GC heap before
{Heap before GC invocations=10 (full 1):
 PSYoungGen      total 388096K, used 388091K [0x00000007aaa80000, 0x00000007cf980000, 0x0000000800000000)
  eden space 335360K, 100% used [0x00000007aaa80000,0x00000007bf200000,0x00000007bf200000)
  from space 52736K, 99% used [0x00000007cc600000,0x00000007cf97ed08,0x00000007cf980000)
  to   space 68608K, 0% used [0x00000007c7380000,0x00000007c7380000,0x00000007cb680000)
 ParOldGen       total 167936K, used 98619K [0x0000000700000000, 0x000000070a400000, 0x00000007aaa80000)
  object space 167936K, 58% used [0x0000000700000000,0x000000070604ee00,0x000000070a400000)
 PSPermGen       total 21504K, used 6365K [0x00000006f5a00000, 0x00000006f6f00000, 0x0000000700000000)
  object space 21504K, 29% used [0x00000006f5a00000,0x00000006f6037780,0x00000006f6f00000)
Event: 17.627 GC heap after
Heap after GC invocations=10 (full 1):
 PSYoungGen      total 479232K, used 68592K [0x00000007aaa80000, 0x00000007cec80000, 0x0000000800000000)
  eden space 410624K, 0% used [0x00000007aaa80000,0x00000007aaa80000,0x00000007c3b80000)
  from space 68608K, 99% used [0x00000007c7380000,0x00000007cb67c210,0x00000007cb680000)
  to   space 55296K, 0% used [0x00000007cb680000,0x00000007cb680000,0x00000007cec80000)
 ParOldGen       total 167936K, used 124319K [0x0000000700000000, 0x000000070a400000, 0x00000007aaa80000)
  object space 167936K, 74% used [0x0000000700000000,0x0000000707967df0,0x000000070a400000)
 PSPermGen       total 21504K, used 6365K [0x00000006f5a00000, 0x00000006f6f00000, 0x0000000700000000)
  object space 21504K, 29% used [0x00000006f5a00000,0x00000006f6037780,0x00000006f6f00000)
}
Event: 18.473 GC heap before
{Heap before GC invocations=11 (full 1):
 PSYoungGen      total 479232K, used 479216K [0x00000007aaa80000, 0x00000007cec80000, 0x0000000800000000)
  eden space 410624K, 100% used [0x00000007aaa80000,0x00000007c3b80000,0x00000007c3b80000)
  from space 68608K, 99% used [0x00000007c7380000,0x00000007cb67c210,0x00000007cb680000)
  to   space 55296K, 0% used [0x00000007cb680000,0x00000007cb680000,0x00000007cec80000)
 ParOldGen       total 167936K, used 124319K [0x0000000700000000, 0x000000070a400000, 0x00000007aaa80000)
  object space 167936K, 74% used [0x0000000700000000,0x0000000707967df0,0x000000070a400000)
 PSPermGen       total 21504K, used 6387K [0x00000006f5a00000, 0x00000006f6f00000, 0x0000000700000000)
  object space 21504K, 29% used [0x00000006f5a00000,0x00000006f603cd20,0x00000006f6f00000)
Event: 18.697 GC heap after
Heap after GC invocations=11 (full 1):
 PSYoungGen      total 467968K, used 55289K [0x00000007aaa80000, 0x00000007dae00000, 0x0000000800000000)
  eden space 412672K, 0% used [0x00000007aaa80000,0x00000007aaa80000,0x00000007c3d80000)
  from space 55296K, 99% used [0x00000007cb680000,0x00000007cec7e6f8,0x00000007cec80000)
  to   space 123904K, 0% used [0x00000007c3d80000,0x00000007c3d80000,0x00000007cb680000)
 ParOldGen       total 208896K, used 208808K [0x0000000700000000, 0x000000070cc00000, 0x00000007aaa80000)
  object space 208896K, 99% used [0x0000000700000000,0x000000070cbea098,0x000000070cc00000)
 PSPermGen       total 21504K, used 6387K [0x00000006f5a00000, 0x00000006f6f00000, 0x0000000700000000)
  object space 21504K, 29% used [0x00000006f5a00000,0x00000006f603cd20,0x00000006f6f00000)
}
Event: 18.697 GC heap before
{Heap before GC invocations=12 (full 2):
 PSYoungGen      total 467968K, used 55289K [0x00000007aaa80000, 0x00000007dae00000, 0x0000000800000000)
  eden space 412672K, 0% used [0x00000007aaa80000,0x00000007aaa80000,0x00000007c3d80000)
  from space 55296K, 99% used [0x00000007cb680000,0x00000007cec7e6f8,0x00000007cec80000)
  to   space 123904K, 0% used [0x00000007c3d80000,0x00000007c3d80000,0x00000007cb680000)
 ParOldGen       total 208896K, used 208808K [0x0000000700000000, 0x000000070cc00000, 0x00000007aaa80000)
  object space 208896K, 99% used [0x0000000700000000,0x000000070cbea098,0x000000070cc00000)
 PSPermGen       total 21504K, used 6387K [0x00000006f5a00000, 0x00000006f6f00000, 0x0000000700000000)
  object space 21504K, 29% used [0x00000006f5a00000,0x00000006f603cd20,0x00000006f6f00000)
Event: 20.406 GC heap after
Heap after GC invocations=12 (full 2):
 PSYoungGen      total 467968K, used 40232K [0x00000007aaa80000, 0x00000007dae00000, 0x0000000800000000)
  eden space 412672K, 0% used [0x00000007aaa80000,0x00000007aaa80000,0x00000007c3d80000)
  from space 55296K, 72% used [0x00000007cb680000,0x00000007cddca248,0x00000007cec80000)
  to   space 123904K, 0% used [0x00000007c3d80000,0x00000007c3d80000,0x00000007cb680000)
 ParOldGen       total 354304K, used 208556K [0x0000000700000000, 0x0000000715a00000, 0x00000007aaa80000)
  object space 354304K, 58% used [0x0000000700000000,0x000000070cbab318,0x0000000715a00000)
 PSPermGen       total 21504K, used 6386K [0x00000006f5a00000, 0x00000006f6f00000, 0x0000000700000000)
  object space 21504K, 29% used [0x00000006f5a00000,0x00000006f603c940,0x00000006f6f00000)
}
Event: 21.378 GC heap before
{Heap before GC invocations=13 (full 2):
 PSYoungGen      total 467968K, used 452904K [0x00000007aaa80000, 0x00000007dae00000, 0x0000000800000000)
  eden space 412672K, 100% used [0x00000007aaa80000,0x00000007c3d80000,0x00000007c3d80000)
  from space 55296K, 72% used [0x00000007cb680000,0x00000007cddca248,0x00000007cec80000)
  to   space 123904K, 0% used [0x00000007c3d80000,0x00000007c3d80000,0x00000007cb680000)
 ParOldGen       total 354304K, used 208556K [0x0000000700000000, 0x0000000715a00000, 0x00000007aaa80000)
  object space 354304K, 58% used [0x0000000700000000,0x000000070cbab318,0x0000000715a00000)
 PSPermGen       total 21504K, used 6445K [0x00000006f5a00000, 0x00000006f6f00000, 0x0000000700000000)
  object space 21504K, 29% used [0x00000006f5a00000,0x00000006f604b580,0x00000006f6f00000)
Event: 21.708 GC heap after
Heap after GC invocations=13 (full 2):
 PSYoungGen      total 536576K, used 68675K [0x00000007aaa80000, 0x00000007d8c00000, 0x0000000800000000)
  eden space 412672K, 0% used [0x00000007aaa80000,0x00000007aaa80000,0x00000007c3d80000)
  from space 123904K, 55% used [0x00000007c3d80000,0x00000007c8090f38,0x00000007cb680000)
  to   space 124416K, 0% used [0x00000007d1280000,0x00000007d1280000,0x00000007d8c00000)
 ParOldGen       total 354304K, used 249269K [0x0000000700000000, 0x0000000715a00000, 0x00000007aaa80000)
  object space 354304K, 70% used [0x0000000700000000,0x000000070f36d580,0x0000000715a00000)
 PSPermGen       total 21504K, used 6445K [0x00000006f5a00000, 0x00000006f6f00000, 0x0000000700000000)
  object space 21504K, 29% used [0x00000006f5a00000,0x00000006f604b580,0x00000006f6f00000)
}
Event: 22.684 GC heap before
{Heap before GC invocations=14 (full 2):
 PSYoungGen      total 536576K, used 481347K [0x00000007aaa80000, 0x00000007d8c00000, 0x0000000800000000)
  eden space 412672K, 100% used [0x00000007aaa80000,0x00000007c3d80000,0x00000007c3d80000)
  from space 123904K, 55% used [0x00000007c3d80000,0x00000007c8090f38,0x00000007cb680000)
  to   space 124416K, 0% used [0x00000007d1280000,0x00000007d1280000,0x00000007d8c00000)
 ParOldGen       total 354304K, used 249269K [0x0000000700000000, 0x0000000715a00000, 0x00000007aaa80000)
  object space 354304K, 70% used [0x0000000700000000,0x000000070f36d580,0x0000000715a00000)
 PSPermGen       total 21504K, used 6453K [0x00000006f5a00000, 0x00000006f6f00000, 0x0000000700000000)
  object space 21504K, 30% used [0x00000006f5a00000,0x00000006f604d6f0,0x00000006f6f00000)

